<?xml version="1.0" encoding="UTF-8"?>
<testng-results ignored="0" total="1" passed="1" failed="0" skipped="0">
  <reporter-output>
  </reporter-output>
  <suite started-at="2025-04-20T17:52:25 IST" name="MyTest" finished-at="2025-04-20T17:52:52 IST" duration-ms="26964">
    <groups>
    </groups>
    <test started-at="2025-04-20T17:52:25 IST" name="Verify test Scenario" finished-at="2025-04-20T17:52:52 IST" duration-ms="26964">
      <class name="OrangeHRMTest">
        <test-method is-config="true" signature="createDriver(org.testng.ITestContext)[pri:0, instance:OrangeHRMTest@6ac13091]" started-at="2025-04-20T17:52:25 IST" name="createDriver" finished-at="2025-04-20T17:52:28 IST" duration-ms="2058" status="PASS">
          <params>
            <param index="0">
              <value>
                <![CDATA[org.testng.TestRunner@74a195a4]]>
              </value>
            </param>
          </params>
          <reporter-output>
          </reporter-output>
        </test-method> <!-- createDriver -->
        <test-method signature="verifyAddingCandidate()[pri:0, instance:OrangeHRMTest@6ac13091]" started-at="2025-04-20T17:52:28 IST" name="verifyAddingCandidate" finished-at="2025-04-20T17:52:52 IST" duration-ms="24772" status="PASS">
          <reporter-output>
          </reporter-output>
        </test-method> <!-- verifyAddingCandidate -->
        <test-method is-config="true" signature="quitDriver()[pri:0, instance:OrangeHRMTest@6ac13091]" started-at="2025-04-20T17:52:52 IST" name="quitDriver" finished-at="2025-04-20T17:52:52 IST" duration-ms="118" status="PASS">
          <reporter-output>
          </reporter-output>
        </test-method> <!-- quitDriver -->
      </class> <!-- OrangeHRMTest -->
    </test> <!-- Verify test Scenario -->
  </suite> <!-- MyTest -->
</testng-results>
